Determining if the pthread_create exist failed with the following output:
Change Dir: /home/stanly/kinect/DP/RoomScanner/parts/fpfh/build/CMakeFiles/CMakeTmp

Run Build Command:"/usr/bin/make" "cmTC_db08a/fast"
/usr/bin/make -f CMakeFiles/cmTC_db08a.dir/build.make CMakeFiles/cmTC_db08a.dir/build
make[1]: Vstupuje se do adresáře „/home/stanly/kinect/DP/RoomScanner/parts/fpfh/build/CMakeFiles/CMakeTmp“
Building C object CMakeFiles/cmTC_db08a.dir/CheckSymbolExists.c.o
/usr/bin/cc     -o CMakeFiles/cmTC_db08a.dir/CheckSymbolExists.c.o   -c /home/stanly/kinect/DP/RoomScanner/parts/fpfh/build/CMakeFiles/CMakeTmp/CheckSymbolExists.c
Linking C executable cmTC_db08a
/usr/bin/cmake -E cmake_link_script CMakeFiles/cmTC_db08a.dir/link.txt --verbose=1
/usr/bin/cc       CMakeFiles/cmTC_db08a.dir/CheckSymbolExists.c.o  -o cmTC_db08a -rdynamic 
CMakeFiles/cmTC_db08a.dir/CheckSymbolExists.c.o: In function `main':
CheckSymbolExists.c:(.text+0x16): undefined reference to `pthread_create'
collect2: error: ld returned 1 exit status
CMakeFiles/cmTC_db08a.dir/build.make:97: návod pro cíl „cmTC_db08a“ selhal
make[1]: *** [cmTC_db08a] Chyba 1
make[1]: Opouští se adresář „/home/stanly/kinect/DP/RoomScanner/parts/fpfh/build/CMakeFiles/CMakeTmp“
Makefile:126: návod pro cíl „cmTC_db08a/fast“ selhal
make: *** [cmTC_db08a/fast] Chyba 2

File /home/stanly/kinect/DP/RoomScanner/parts/fpfh/build/CMakeFiles/CMakeTmp/CheckSymbolExists.c:
/* */
#include <pthread.h>

int main(int argc, char** argv)
{
  (void)argv;
#ifndef pthread_create
  return ((int*)(&pthread_create))[argc];
#else
  (void)argc;
  return 0;
#endif
}

Determining if the function pthread_create exists in the pthreads failed with the following output:
Change Dir: /home/stanly/kinect/DP/RoomScanner/parts/fpfh/build/CMakeFiles/CMakeTmp

Run Build Command:"/usr/bin/make" "cmTC_aa694/fast"
/usr/bin/make -f CMakeFiles/cmTC_aa694.dir/build.make CMakeFiles/cmTC_aa694.dir/build
make[1]: Vstupuje se do adresáře „/home/stanly/kinect/DP/RoomScanner/parts/fpfh/build/CMakeFiles/CMakeTmp“
Building C object CMakeFiles/cmTC_aa694.dir/CheckFunctionExists.c.o
/usr/bin/cc    -DCHECK_FUNCTION_EXISTS=pthread_create   -o CMakeFiles/cmTC_aa694.dir/CheckFunctionExists.c.o   -c /usr/share/cmake-3.5/Modules/CheckFunctionExists.c
Linking C executable cmTC_aa694
/usr/bin/cmake -E cmake_link_script CMakeFiles/cmTC_aa694.dir/link.txt --verbose=1
/usr/bin/cc   -DCHECK_FUNCTION_EXISTS=pthread_create    CMakeFiles/cmTC_aa694.dir/CheckFunctionExists.c.o  -o cmTC_aa694 -rdynamic -lpthreads 
/usr/bin/ld: cannot find -lpthreads
collect2: error: ld returned 1 exit status
CMakeFiles/cmTC_aa694.dir/build.make:97: návod pro cíl „cmTC_aa694“ selhal
make[1]: *** [cmTC_aa694] Chyba 1
make[1]: Opouští se adresář „/home/stanly/kinect/DP/RoomScanner/parts/fpfh/build/CMakeFiles/CMakeTmp“
Makefile:126: návod pro cíl „cmTC_aa694/fast“ selhal
make: *** [cmTC_aa694/fast] Chyba 2


