Determining if the pthread_create exist failed with the following output:
Change Dir: /home/stanly/kinect/DP/cloudViewer/build/CMakeFiles/CMakeTmp

Run Build Command:"/usr/bin/make" "cmTC_abe63/fast"
/usr/bin/make -f CMakeFiles/cmTC_abe63.dir/build.make CMakeFiles/cmTC_abe63.dir/build
make[1]: Vstupuje se do adresáře „/home/stanly/kinect/DP/cloudViewer/build/CMakeFiles/CMakeTmp“
Building C object CMakeFiles/cmTC_abe63.dir/CheckSymbolExists.c.o
/usr/bin/cc     -o CMakeFiles/cmTC_abe63.dir/CheckSymbolExists.c.o   -c /home/stanly/kinect/DP/cloudViewer/build/CMakeFiles/CMakeTmp/CheckSymbolExists.c
Linking C executable cmTC_abe63
/usr/bin/cmake -E cmake_link_script CMakeFiles/cmTC_abe63.dir/link.txt --verbose=1
/usr/bin/cc       CMakeFiles/cmTC_abe63.dir/CheckSymbolExists.c.o  -o cmTC_abe63 -rdynamic 
CMakeFiles/cmTC_abe63.dir/CheckSymbolExists.c.o: In function `main':
CheckSymbolExists.c:(.text+0x16): undefined reference to `pthread_create'
collect2: error: ld returned 1 exit status
CMakeFiles/cmTC_abe63.dir/build.make:97: návod pro cíl „cmTC_abe63“ selhal
make[1]: *** [cmTC_abe63] Chyba 1
make[1]: Opouští se adresář „/home/stanly/kinect/DP/cloudViewer/build/CMakeFiles/CMakeTmp“
Makefile:126: návod pro cíl „cmTC_abe63/fast“ selhal
make: *** [cmTC_abe63/fast] Chyba 2

File /home/stanly/kinect/DP/cloudViewer/build/CMakeFiles/CMakeTmp/CheckSymbolExists.c:
/* */
#include <pthread.h>

int main(int argc, char** argv)
{
  (void)argv;
#ifndef pthread_create
  return ((int*)(&pthread_create))[argc];
#else
  (void)argc;
  return 0;
#endif
}

Determining if the function pthread_create exists in the pthreads failed with the following output:
Change Dir: /home/stanly/kinect/DP/cloudViewer/build/CMakeFiles/CMakeTmp

Run Build Command:"/usr/bin/make" "cmTC_6510a/fast"
/usr/bin/make -f CMakeFiles/cmTC_6510a.dir/build.make CMakeFiles/cmTC_6510a.dir/build
make[1]: Vstupuje se do adresáře „/home/stanly/kinect/DP/cloudViewer/build/CMakeFiles/CMakeTmp“
Building C object CMakeFiles/cmTC_6510a.dir/CheckFunctionExists.c.o
/usr/bin/cc    -DCHECK_FUNCTION_EXISTS=pthread_create   -o CMakeFiles/cmTC_6510a.dir/CheckFunctionExists.c.o   -c /usr/share/cmake-3.5/Modules/CheckFunctionExists.c
Linking C executable cmTC_6510a
/usr/bin/cmake -E cmake_link_script CMakeFiles/cmTC_6510a.dir/link.txt --verbose=1
/usr/bin/cc   -DCHECK_FUNCTION_EXISTS=pthread_create    CMakeFiles/cmTC_6510a.dir/CheckFunctionExists.c.o  -o cmTC_6510a -rdynamic -lpthreads 
/usr/bin/ld: cannot find -lpthreads
collect2: error: ld returned 1 exit status
CMakeFiles/cmTC_6510a.dir/build.make:97: návod pro cíl „cmTC_6510a“ selhal
make[1]: *** [cmTC_6510a] Chyba 1
make[1]: Opouští se adresář „/home/stanly/kinect/DP/cloudViewer/build/CMakeFiles/CMakeTmp“
Makefile:126: návod pro cíl „cmTC_6510a/fast“ selhal
make: *** [cmTC_6510a/fast] Chyba 2


