Determining if the pthread_create exist failed with the following output:
Change Dir: /home/stanly/kinect/DP/registration/build/CMakeFiles/CMakeTmp

Run Build Command:"/usr/bin/make" "cmTC_d136a/fast"
/usr/bin/make -f CMakeFiles/cmTC_d136a.dir/build.make CMakeFiles/cmTC_d136a.dir/build
make[1]: Vstupuje se do adresáře „/home/stanly/kinect/DP/registration/build/CMakeFiles/CMakeTmp“
Building C object CMakeFiles/cmTC_d136a.dir/CheckSymbolExists.c.o
/usr/bin/cc     -o CMakeFiles/cmTC_d136a.dir/CheckSymbolExists.c.o   -c /home/stanly/kinect/DP/registration/build/CMakeFiles/CMakeTmp/CheckSymbolExists.c
Linking C executable cmTC_d136a
/usr/bin/cmake -E cmake_link_script CMakeFiles/cmTC_d136a.dir/link.txt --verbose=1
/usr/bin/cc       CMakeFiles/cmTC_d136a.dir/CheckSymbolExists.c.o  -o cmTC_d136a -rdynamic 
CMakeFiles/cmTC_d136a.dir/CheckSymbolExists.c.o: In function `main':
CheckSymbolExists.c:(.text+0x16): undefined reference to `pthread_create'
collect2: error: ld returned 1 exit status
CMakeFiles/cmTC_d136a.dir/build.make:97: návod pro cíl „cmTC_d136a“ selhal
make[1]: *** [cmTC_d136a] Chyba 1
make[1]: Opouští se adresář „/home/stanly/kinect/DP/registration/build/CMakeFiles/CMakeTmp“
Makefile:126: návod pro cíl „cmTC_d136a/fast“ selhal
make: *** [cmTC_d136a/fast] Chyba 2

File /home/stanly/kinect/DP/registration/build/CMakeFiles/CMakeTmp/CheckSymbolExists.c:
/* */
#include <pthread.h>

int main(int argc, char** argv)
{
  (void)argv;
#ifndef pthread_create
  return ((int*)(&pthread_create))[argc];
#else
  (void)argc;
  return 0;
#endif
}

Determining if the function pthread_create exists in the pthreads failed with the following output:
Change Dir: /home/stanly/kinect/DP/registration/build/CMakeFiles/CMakeTmp

Run Build Command:"/usr/bin/make" "cmTC_5f12c/fast"
/usr/bin/make -f CMakeFiles/cmTC_5f12c.dir/build.make CMakeFiles/cmTC_5f12c.dir/build
make[1]: Vstupuje se do adresáře „/home/stanly/kinect/DP/registration/build/CMakeFiles/CMakeTmp“
Building C object CMakeFiles/cmTC_5f12c.dir/CheckFunctionExists.c.o
/usr/bin/cc    -DCHECK_FUNCTION_EXISTS=pthread_create   -o CMakeFiles/cmTC_5f12c.dir/CheckFunctionExists.c.o   -c /usr/share/cmake-3.5/Modules/CheckFunctionExists.c
Linking C executable cmTC_5f12c
/usr/bin/cmake -E cmake_link_script CMakeFiles/cmTC_5f12c.dir/link.txt --verbose=1
/usr/bin/cc   -DCHECK_FUNCTION_EXISTS=pthread_create    CMakeFiles/cmTC_5f12c.dir/CheckFunctionExists.c.o  -o cmTC_5f12c -rdynamic -lpthreads 
/usr/bin/ld: cannot find -lpthreads
collect2: error: ld returned 1 exit status
CMakeFiles/cmTC_5f12c.dir/build.make:97: návod pro cíl „cmTC_5f12c“ selhal
make[1]: *** [cmTC_5f12c] Chyba 1
make[1]: Opouští se adresář „/home/stanly/kinect/DP/registration/build/CMakeFiles/CMakeTmp“
Makefile:126: návod pro cíl „cmTC_5f12c/fast“ selhal
make: *** [cmTC_5f12c/fast] Chyba 2


