Determining if the pthread_create exist failed with the following output:
Change Dir: /home/stanly/kinect/DP/RoomScanner/parts/triangulation/build/CMakeFiles/CMakeTmp

Run Build Command:"/usr/bin/make" "cmTC_e514a/fast"
/usr/bin/make -f CMakeFiles/cmTC_e514a.dir/build.make CMakeFiles/cmTC_e514a.dir/build
make[1]: Vstupuje se do adresáře „/home/stanly/kinect/DP/RoomScanner/parts/triangulation/build/CMakeFiles/CMakeTmp“
Building C object CMakeFiles/cmTC_e514a.dir/CheckSymbolExists.c.o
/usr/bin/cc     -o CMakeFiles/cmTC_e514a.dir/CheckSymbolExists.c.o   -c /home/stanly/kinect/DP/RoomScanner/parts/triangulation/build/CMakeFiles/CMakeTmp/CheckSymbolExists.c
Linking C executable cmTC_e514a
/usr/bin/cmake -E cmake_link_script CMakeFiles/cmTC_e514a.dir/link.txt --verbose=1
/usr/bin/cc       CMakeFiles/cmTC_e514a.dir/CheckSymbolExists.c.o  -o cmTC_e514a -rdynamic 
CMakeFiles/cmTC_e514a.dir/CheckSymbolExists.c.o: In function `main':
CheckSymbolExists.c:(.text+0x16): undefined reference to `pthread_create'
collect2: error: ld returned 1 exit status
CMakeFiles/cmTC_e514a.dir/build.make:97: návod pro cíl „cmTC_e514a“ selhal
make[1]: *** [cmTC_e514a] Chyba 1
make[1]: Opouští se adresář „/home/stanly/kinect/DP/RoomScanner/parts/triangulation/build/CMakeFiles/CMakeTmp“
Makefile:126: návod pro cíl „cmTC_e514a/fast“ selhal
make: *** [cmTC_e514a/fast] Chyba 2

File /home/stanly/kinect/DP/RoomScanner/parts/triangulation/build/CMakeFiles/CMakeTmp/CheckSymbolExists.c:
/* */
#include <pthread.h>

int main(int argc, char** argv)
{
  (void)argv;
#ifndef pthread_create
  return ((int*)(&pthread_create))[argc];
#else
  (void)argc;
  return 0;
#endif
}

Determining if the function pthread_create exists in the pthreads failed with the following output:
Change Dir: /home/stanly/kinect/DP/RoomScanner/parts/triangulation/build/CMakeFiles/CMakeTmp

Run Build Command:"/usr/bin/make" "cmTC_c9b7f/fast"
/usr/bin/make -f CMakeFiles/cmTC_c9b7f.dir/build.make CMakeFiles/cmTC_c9b7f.dir/build
make[1]: Vstupuje se do adresáře „/home/stanly/kinect/DP/RoomScanner/parts/triangulation/build/CMakeFiles/CMakeTmp“
Building C object CMakeFiles/cmTC_c9b7f.dir/CheckFunctionExists.c.o
/usr/bin/cc    -DCHECK_FUNCTION_EXISTS=pthread_create   -o CMakeFiles/cmTC_c9b7f.dir/CheckFunctionExists.c.o   -c /usr/share/cmake-3.5/Modules/CheckFunctionExists.c
Linking C executable cmTC_c9b7f
/usr/bin/cmake -E cmake_link_script CMakeFiles/cmTC_c9b7f.dir/link.txt --verbose=1
/usr/bin/cc   -DCHECK_FUNCTION_EXISTS=pthread_create    CMakeFiles/cmTC_c9b7f.dir/CheckFunctionExists.c.o  -o cmTC_c9b7f -rdynamic -lpthreads 
/usr/bin/ld: cannot find -lpthreads
collect2: error: ld returned 1 exit status
CMakeFiles/cmTC_c9b7f.dir/build.make:97: návod pro cíl „cmTC_c9b7f“ selhal
make[1]: *** [cmTC_c9b7f] Chyba 1
make[1]: Opouští se adresář „/home/stanly/kinect/DP/RoomScanner/parts/triangulation/build/CMakeFiles/CMakeTmp“
Makefile:126: návod pro cíl „cmTC_c9b7f/fast“ selhal
make: *** [cmTC_c9b7f/fast] Chyba 2


