Determining if the pthread_create exist failed with the following output:
Change Dir: /home/stanly/kinect/DP/RoomScanner/parts/QtVisu/build/CMakeFiles/CMakeTmp

Run Build Command:"/usr/bin/make" "cmTC_bda12/fast"
/usr/bin/make -f CMakeFiles/cmTC_bda12.dir/build.make CMakeFiles/cmTC_bda12.dir/build
make[1]: Vstupuje se do adresáře „/home/stanly/kinect/DP/RoomScanner/parts/QtVisu/build/CMakeFiles/CMakeTmp“
Building C object CMakeFiles/cmTC_bda12.dir/CheckSymbolExists.c.o
/usr/bin/cc     -o CMakeFiles/cmTC_bda12.dir/CheckSymbolExists.c.o   -c /home/stanly/kinect/DP/RoomScanner/parts/QtVisu/build/CMakeFiles/CMakeTmp/CheckSymbolExists.c
Linking C executable cmTC_bda12
/usr/bin/cmake -E cmake_link_script CMakeFiles/cmTC_bda12.dir/link.txt --verbose=1
/usr/bin/cc       CMakeFiles/cmTC_bda12.dir/CheckSymbolExists.c.o  -o cmTC_bda12 -rdynamic 
CMakeFiles/cmTC_bda12.dir/CheckSymbolExists.c.o: In function `main':
CheckSymbolExists.c:(.text+0x16): undefined reference to `pthread_create'
collect2: error: ld returned 1 exit status
CMakeFiles/cmTC_bda12.dir/build.make:97: návod pro cíl „cmTC_bda12“ selhal
make[1]: *** [cmTC_bda12] Chyba 1
make[1]: Opouští se adresář „/home/stanly/kinect/DP/RoomScanner/parts/QtVisu/build/CMakeFiles/CMakeTmp“
Makefile:126: návod pro cíl „cmTC_bda12/fast“ selhal
make: *** [cmTC_bda12/fast] Chyba 2

File /home/stanly/kinect/DP/RoomScanner/parts/QtVisu/build/CMakeFiles/CMakeTmp/CheckSymbolExists.c:
/* */
#include <pthread.h>

int main(int argc, char** argv)
{
  (void)argv;
#ifndef pthread_create
  return ((int*)(&pthread_create))[argc];
#else
  (void)argc;
  return 0;
#endif
}

Determining if the function pthread_create exists in the pthreads failed with the following output:
Change Dir: /home/stanly/kinect/DP/RoomScanner/parts/QtVisu/build/CMakeFiles/CMakeTmp

Run Build Command:"/usr/bin/make" "cmTC_170df/fast"
/usr/bin/make -f CMakeFiles/cmTC_170df.dir/build.make CMakeFiles/cmTC_170df.dir/build
make[1]: Vstupuje se do adresáře „/home/stanly/kinect/DP/RoomScanner/parts/QtVisu/build/CMakeFiles/CMakeTmp“
Building C object CMakeFiles/cmTC_170df.dir/CheckFunctionExists.c.o
/usr/bin/cc    -DCHECK_FUNCTION_EXISTS=pthread_create   -o CMakeFiles/cmTC_170df.dir/CheckFunctionExists.c.o   -c /usr/share/cmake-3.5/Modules/CheckFunctionExists.c
Linking C executable cmTC_170df
/usr/bin/cmake -E cmake_link_script CMakeFiles/cmTC_170df.dir/link.txt --verbose=1
/usr/bin/cc   -DCHECK_FUNCTION_EXISTS=pthread_create    CMakeFiles/cmTC_170df.dir/CheckFunctionExists.c.o  -o cmTC_170df -rdynamic -lpthreads 
/usr/bin/ld: cannot find -lpthreads
collect2: error: ld returned 1 exit status
CMakeFiles/cmTC_170df.dir/build.make:97: návod pro cíl „cmTC_170df“ selhal
make[1]: *** [cmTC_170df] Chyba 1
make[1]: Opouští se adresář „/home/stanly/kinect/DP/RoomScanner/parts/QtVisu/build/CMakeFiles/CMakeTmp“
Makefile:126: návod pro cíl „cmTC_170df/fast“ selhal
make: *** [cmTC_170df/fast] Chyba 2


